Removed Pin From Net: NetName=Net*_5 Pin=*-5
Removed Pin From Net: NetName=Net*_6 Pin=*-6
Removed Pin From Net: NetName=Net*_7 Pin=*-7
Removed Pin From Net: NetName=Net*_13 Pin=*-13
Removed Pin From Net: NetName=Net*_14 Pin=*-14
Removed Pin From Net: NetName=Net*_15 Pin=*-15
Removed Pin From Net: NetName=Net*_6 Pin=DRIVER1-2
Removed Pin From Net: NetName=Net*_15 Pin=DRIVER1-4
Removed Pin From Net: NetName=Net*_7 Pin=DRIVER1-6
Removed Pin From Net: NetName=Net*_14 Pin=DRIVER2-4
Removed Pin From Net: NetName=Net*_5 Pin=DRIVER2-6
Removed Pin From Net: NetName=Net*_13 Pin=DRIVER3-4
Added Pin To Net: NetName=Net*_15 Pin=DRIVER1-2
Added Pin To Net: NetName=Net*_14 Pin=DRIVER1-4
Added Pin To Net: NetName=Net*_13 Pin=DRIVER1-6
Added Pin To Net: NetName=Net*_7 Pin=DRIVER2-4
Added Pin To Net: NetName=Net*_6 Pin=DRIVER2-6
Added Pin To Net: NetName=Net*_5 Pin=DRIVER3-4
Change Net Name : Old Net Name=Net*_5 New Net Name=NetDRIVER3_4
Change Net Name : Old Net Name=Net*_6 New Net Name=NetDRIVER2_6
Change Net Name : Old Net Name=Net*_7 New Net Name=NetDRIVER2_4
Change Net Name : Old Net Name=Net*_13 New Net Name=NetDRIVER1_6
Change Net Name : Old Net Name=Net*_14 New Net Name=NetDRIVER1_4
Change Net Name : Old Net Name=Net*_15 New Net Name=NetDRIVER1_2
Added Room: Name=Sheet1
